1 , 2.86102294922e-06 , 1.90734863281e-06
2 , 4.05311584473e-06 , 2.86102294922e-06
3 , 3.09944152832e-06 , 2.86102294922e-06
4 , 4.05311584473e-06 , 5.00679016113e-06
5 , 4.05311584473e-06 , 5.00679016113e-06
6 , 6.91413879395e-06 , 5.96046447754e-06
7 , 1.00135803223e-05 , 6.91413879395e-06
8 , 1.50203704834e-05 , 7.86781311035e-06
9 , 2.00271606445e-05 , 6.91413879395e-06
10 , 3.09944152832e-05 , 7.86781311035e-06
11 , 4.81605529785e-05 , 9.05990600586e-06
12 , 7.91549682617e-05 , 9.05990600586e-06
13 , 0.000126123428345 , 9.05990600586e-06
14 , 0.000204086303711 , 1.00135803223e-05
15 , 0.000346899032593 , 1.09672546387e-05
16 , 0.00049901008606 , 1.12056732178e-05
17 , 0.000795841217041 , 1.19209289551e-05
18 , 0.00128602981567 , 1.31130218506e-05
19 , 0.00205898284912 , 1.28746032715e-05
20 , 0.00333595275879 , 1.4066696167e-05
21 , 0.00542497634888 , 1.69277191162e-05
22 , 0.00870704650879 , 1.62124633789e-05
23 , 0.0193331241608 , 2.00271606445e-05
24 , 0.0232791900635 , 2.21729278564e-05
25 , 0.0436770915985 , 2.09808349609e-05
26 , 0.076621055603 , 3.09944152832e-05
27 , 0.110655069351 , 2.21729278564e-05
28 , 0.18394112587 , 4.19616699219e-05
29 , 0.300533056259 , 2.40802764893e-05
30 , 0.479255914688 , 2.50339508057e-05
31 , 0.819528102875 , 2.50339508057e-05
32 , 1.26001405716 , 2.59876251221e-05
33 , 2.43545794487 , 4.19616699219e-05
34 , 4.22149610519 , 3.50475311279e-05
35 , 5.53430390358 , 2.69412994385e-05
36 , 8.74668693542 , 3.00407409668e-05
37 , 14.4094181061 , 5.50746917725e-05
38 , 25.1795060635 , 4.79221343994e-05
39 , 39.4291920662 , 5.69820404053e-05
40 , 61.6001560688 , 3.19480895996e-05
1      2.86102294922e-06           9.53674316406e-07
2      4.05311584473e-06           4.05311584473e-06
3      5.00679016113e-06           5.00679016113e-06
4      5.96046447754e-06           5.96046447754e-06
5      7.15255737305e-06           6.91413879395e-06
6      1.09672546387e-05           1.00135803223e-05
7      1.28746032715e-05           9.05990600586e-06
8      2.38418579102e-05           1.19209289551e-05
9      2.90870666504e-05           1.09672546387e-05
10      4.60147857666e-05           1.19209289551e-05
11      7.00950622559e-05           1.28746032715e-05
12      0.000112056732178           1.31130218506e-05
13      0.000181913375854           1.21593475342e-05
14      0.000237941741943           1.31130218506e-05
15      0.000384092330933           1.4066696167e-05
16      0.000622034072876           1.50203704834e-05
17      0.000900030136108           1.28746032715e-05
18      0.00127983093262           1.28746032715e-05
19      0.00206780433655           1.28746032715e-05
20      0.00336003303528           1.38282775879e-05
21      0.0054030418396           1.50203704834e-05
22      0.0147888660431           2.09808349609e-05
23      0.0201389789581           2.59876251221e-05
24      0.0300190448761           2.09808349609e-05
25      0.0461838245392           2.19345092773e-05
26      0.0710561275482           2.21729278564e-05
27      0.107880115509           2.31266021729e-05
28      0.18702507019           4.19616699219e-05
29      0.287161111832           2.28881835938e-05
30      0.509243965149           0.000101089477539
31      0.824169158936           2.47955322266e-05
32      1.35504317284           2.50339508057e-05
33      1.99201607704           2.78949737549e-05
34      3.14280796051           2.59876251221e-05
35      5.07799887657           2.69412994385e-05
36      8.1327688694           2.78949737549e-05
37      13.2175168991           2.88486480713e-05
38      21.4175839424           2.88486480713e-05
39      34.7212870121           4.41074371338e-05
40      55.7492749691           3.09944152832e-05
